Analysis & Synthesis report for video
Mon Feb 17 17:49:01 2020
Quartus II 64-Bit Version 13.0.1 Build 232 06/12/2013 Service Pack 1 SJ Web Edition


---------------------
; Table of Contents ;
---------------------
  1. Legal Notice
  2. Analysis & Synthesis Summary
  3. Analysis & Synthesis Settings
  4. Parallel Compilation
  5. Analysis & Synthesis Source Files Read
  6. Analysis & Synthesis Resource Usage Summary
  7. Analysis & Synthesis Resource Utilization by Entity
  8. Parameter Settings for Inferred Entity Instance: lpm_counter:scan_pointer_rtl_0
  9. Parameter Settings for Inferred Entity Instance: lpm_counter:scan_pointer_rtl_1
 10. Parameter Settings for Inferred Entity Instance: lpm_counter:vc_rtl_0
 11. Parameter Settings for Inferred Entity Instance: lpm_add_sub:Add0
 12. Parameter Settings for Inferred Entity Instance: lpm_add_sub:Add3
 13. Analysis & Synthesis Equations
 14. Analysis & Synthesis Messages



----------------
; Legal Notice ;
----------------
Copyright (C) 1991-2013 Altera Corporation
Your use of Altera Corporation's design tools, logic functions 
and other software and tools, and its AMPP partner logic 
functions, and any output files from any of the foregoing 
(including device programming or simulation files), and any 
associated documentation or information are expressly subject 
to the terms and conditions of the Altera Program License 
Subscription Agreement, Altera MegaCore Function License 
Agreement, or other applicable license agreement, including, 
without limitation, that your use is for the sole purpose of 
programming logic devices manufactured by Altera and sold by 
Altera or its authorized distributors.  Please refer to the 
applicable agreement for further details.



+-------------------------------------------------------------------------------+
; Analysis & Synthesis Summary                                                  ;
+-----------------------------+-------------------------------------------------+
; Analysis & Synthesis Status ; Successful - Mon Feb 17 17:49:01 2020           ;
; Quartus II 64-Bit Version   ; 13.0.1 Build 232 06/12/2013 SP 1 SJ Web Edition ;
; Revision Name               ; video                                           ;
; Top-level Entity Name       ; top                                             ;
; Family                      ; MAX7000S                                        ;
; Total macrocells            ; 90                                              ;
; Total pins                  ; 53                                              ;
+-----------------------------+-------------------------------------------------+


+--------------------------------------------------------------------------------------------------------------+
; Analysis & Synthesis Settings                                                                                ;
+----------------------------------------------------------------------------+-----------------+---------------+
; Option                                                                     ; Setting         ; Default Value ;
+----------------------------------------------------------------------------+-----------------+---------------+
; Device                                                                     ; EPM7160SLC84-10 ;               ;
; Top-level entity name                                                      ; top             ; video         ;
; Family name                                                                ; MAX7000S        ; Cyclone IV GX ;
; Use smart compilation                                                      ; Off             ; Off           ;
; Enable parallel Assembler and TimeQuest Timing Analyzer during compilation ; On              ; On            ;
; Enable compact report table                                                ; Off             ; Off           ;
; Create Debugging Nodes for IP Cores                                        ; Off             ; Off           ;
; Preserve fewer node names                                                  ; On              ; On            ;
; Disable OpenCore Plus hardware evaluation                                  ; Off             ; Off           ;
; Verilog Version                                                            ; Verilog_2001    ; Verilog_2001  ;
; VHDL Version                                                               ; VHDL_1993       ; VHDL_1993     ;
; State Machine Processing                                                   ; Auto            ; Auto          ;
; Safe State Machine                                                         ; Off             ; Off           ;
; Extract Verilog State Machines                                             ; On              ; On            ;
; Extract VHDL State Machines                                                ; On              ; On            ;
; Ignore Verilog initial constructs                                          ; Off             ; Off           ;
; Iteration limit for constant Verilog loops                                 ; 5000            ; 5000          ;
; Iteration limit for non-constant Verilog loops                             ; 250             ; 250           ;
; Add Pass-Through Logic to Inferred RAMs                                    ; On              ; On            ;
; Infer RAMs from Raw Logic                                                  ; On              ; On            ;
; Parallel Synthesis                                                         ; On              ; On            ;
; NOT Gate Push-Back                                                         ; On              ; On            ;
; Power-Up Don't Care                                                        ; On              ; On            ;
; Remove Duplicate Registers                                                 ; On              ; On            ;
; Ignore CARRY Buffers                                                       ; Off             ; Off           ;
; Ignore CASCADE Buffers                                                     ; Off             ; Off           ;
; Ignore GLOBAL Buffers                                                      ; Off             ; Off           ;
; Ignore ROW GLOBAL Buffers                                                  ; Off             ; Off           ;
; Ignore LCELL Buffers                                                       ; Auto            ; Auto          ;
; Ignore SOFT Buffers                                                        ; Off             ; Off           ;
; Limit AHDL Integers to 32 Bits                                             ; Off             ; Off           ;
; Optimization Technique                                                     ; Speed           ; Speed         ;
; Allow XOR Gate Usage                                                       ; On              ; On            ;
; Auto Logic Cell Insertion                                                  ; On              ; On            ;
; Parallel Expander Chain Length                                             ; 4               ; 4             ;
; Auto Parallel Expanders                                                    ; On              ; On            ;
; Auto Open-Drain Pins                                                       ; On              ; On            ;
; Auto Resource Sharing                                                      ; Off             ; Off           ;
; Maximum Fan-in Per Macrocell                                               ; 100             ; 100           ;
; Use LogicLock Constraints during Resource Balancing                        ; On              ; On            ;
; Ignore translate_off and synthesis_off directives                          ; Off             ; Off           ;
; Report Parameter Settings                                                  ; On              ; On            ;
; Report Source Assignments                                                  ; On              ; On            ;
; Report Connectivity Checks                                                 ; On              ; On            ;
; HDL message level                                                          ; Level2          ; Level2        ;
; Suppress Register Optimization Related Messages                            ; Off             ; Off           ;
; Number of Removed Registers Reported in Synthesis Report                   ; 5000            ; 5000          ;
; Number of Swept Nodes Reported in Synthesis Report                         ; 5000            ; 5000          ;
; Number of Inverted Registers Reported in Synthesis Report                  ; 100             ; 100           ;
; Block Design Naming                                                        ; Auto            ; Auto          ;
; Synthesis Effort                                                           ; Auto            ; Auto          ;
; Shift Register Replacement - Allow Asynchronous Clear Signal               ; On              ; On            ;
; Pre-Mapping Resynthesis Optimization                                       ; Off             ; Off           ;
; Analysis & Synthesis Message Level                                         ; Medium          ; Medium        ;
; Disable Register Merging Across Hierarchies                                ; Auto            ; Auto          ;
; Synthesis Seed                                                             ; 1               ; 1             ;
+----------------------------------------------------------------------------+-----------------+---------------+


Parallel compilation was disabled, but you have multiple processors available. Enable parallel compilation to reduce compilation time.
+-------------------------------------+
; Parallel Compilation                ;
+----------------------------+--------+
; Processors                 ; Number ;
+----------------------------+--------+
; Number detected on machine ; 4      ;
; Maximum allowed            ; 1      ;
+----------------------------+--------+


+-------------------------------------------------------------------------------------------------------------------------------------------------------------------+
; Analysis & Synthesis Source Files Read                                                                                                                            ;
+----------------------------------+-----------------+------------------------+---------------------------------------------------------------------------+---------+
; File Name with User-Entered Path ; Used in Netlist ; File Type              ; File Name with Absolute Path                                              ; Library ;
+----------------------------------+-----------------+------------------------+---------------------------------------------------------------------------+---------+
; top.v                            ; yes             ; User Verilog HDL File  ; C:/sbc/sbc_mk3/hdl/video/top.v                                            ;         ;
; lpm_counter.tdf                  ; yes             ; Megafunction           ; c:/altera/13.0sp1/quartus/libraries/megafunctions/lpm_counter.tdf         ;         ;
; lpm_constant.inc                 ; yes             ; Megafunction           ; c:/altera/13.0sp1/quartus/libraries/megafunctions/lpm_constant.inc        ;         ;
; lpm_decode.inc                   ; yes             ; Megafunction           ; c:/altera/13.0sp1/quartus/libraries/megafunctions/lpm_decode.inc          ;         ;
; lpm_add_sub.inc                  ; yes             ; Megafunction           ; c:/altera/13.0sp1/quartus/libraries/megafunctions/lpm_add_sub.inc         ;         ;
; cmpconst.inc                     ; yes             ; Megafunction           ; c:/altera/13.0sp1/quartus/libraries/megafunctions/cmpconst.inc            ;         ;
; lpm_compare.inc                  ; yes             ; Megafunction           ; c:/altera/13.0sp1/quartus/libraries/megafunctions/lpm_compare.inc         ;         ;
; lpm_counter.inc                  ; yes             ; Megafunction           ; c:/altera/13.0sp1/quartus/libraries/megafunctions/lpm_counter.inc         ;         ;
; dffeea.inc                       ; yes             ; Megafunction           ; c:/altera/13.0sp1/quartus/libraries/megafunctions/dffeea.inc              ;         ;
; alt_counter_stratix.inc          ; yes             ; Megafunction           ; c:/altera/13.0sp1/quartus/libraries/megafunctions/alt_counter_stratix.inc ;         ;
; aglobal130.inc                   ; yes             ; Megafunction           ; c:/altera/13.0sp1/quartus/libraries/megafunctions/aglobal130.inc          ;         ;
; lpm_add_sub.tdf                  ; yes             ; Megafunction           ; c:/altera/13.0sp1/quartus/libraries/megafunctions/lpm_add_sub.tdf         ;         ;
; addcore.inc                      ; yes             ; Megafunction           ; c:/altera/13.0sp1/quartus/libraries/megafunctions/addcore.inc             ;         ;
; look_add.inc                     ; yes             ; Megafunction           ; c:/altera/13.0sp1/quartus/libraries/megafunctions/look_add.inc            ;         ;
; bypassff.inc                     ; yes             ; Megafunction           ; c:/altera/13.0sp1/quartus/libraries/megafunctions/bypassff.inc            ;         ;
; altshift.inc                     ; yes             ; Megafunction           ; c:/altera/13.0sp1/quartus/libraries/megafunctions/altshift.inc            ;         ;
; alt_stratix_add_sub.inc          ; yes             ; Megafunction           ; c:/altera/13.0sp1/quartus/libraries/megafunctions/alt_stratix_add_sub.inc ;         ;
; addcore.tdf                      ; yes             ; Megafunction           ; c:/altera/13.0sp1/quartus/libraries/megafunctions/addcore.tdf             ;         ;
; a_csnbuffer.inc                  ; yes             ; Megafunction           ; c:/altera/13.0sp1/quartus/libraries/megafunctions/a_csnbuffer.inc         ;         ;
; a_csnbuffer.tdf                  ; yes             ; Megafunction           ; c:/altera/13.0sp1/quartus/libraries/megafunctions/a_csnbuffer.tdf         ;         ;
; look_add.tdf                     ; yes             ; Megafunction           ; c:/altera/13.0sp1/quartus/libraries/megafunctions/look_add.tdf            ;         ;
; altshift.tdf                     ; yes             ; Megafunction           ; c:/altera/13.0sp1/quartus/libraries/megafunctions/altshift.tdf            ;         ;
+----------------------------------+-----------------+------------------------+---------------------------------------------------------------------------+---------+


+---------------------------------------------+
; Analysis & Synthesis Resource Usage Summary ;
+----------------------+----------------------+
; Resource             ; Usage                ;
+----------------------+----------------------+
; Logic cells          ; 90                   ;
; Total registers      ; 58                   ;
; I/O pins             ; 53                   ;
; Maximum fan-out node ; reset_n              ;
; Maximum fan-out      ; 58                   ;
; Total fan-out        ; 947                  ;
; Average fan-out      ; 6.62                 ;
+----------------------+----------------------+


+--------------------------------------------------------------------------------------------------------------+
; Analysis & Synthesis Resource Utilization by Entity                                                          ;
+-------------------------------------+------------+------+-------------------------------------+--------------+
; Compilation Hierarchy Node          ; Macrocells ; Pins ; Full Hierarchy Name                 ; Library Name ;
+-------------------------------------+------------+------+-------------------------------------+--------------+
; |top                                ; 90         ; 53   ; |top                                ; work         ;
;    |lpm_counter:scan_pointer_rtl_0| ; 8          ; 0    ; |top|lpm_counter:scan_pointer_rtl_0 ; work         ;
;    |lpm_counter:scan_pointer_rtl_1| ; 8          ; 0    ; |top|lpm_counter:scan_pointer_rtl_1 ; work         ;
;    |lpm_counter:vc_rtl_0|           ; 9          ; 0    ; |top|lpm_counter:vc_rtl_0           ; work         ;
+-------------------------------------+------------+------+-------------------------------------+--------------+


+---------------------------------------------------------------------------------+
; Parameter Settings for Inferred Entity Instance: lpm_counter:scan_pointer_rtl_0 ;
+------------------------+-------------------+------------------------------------+
; Parameter Name         ; Value             ; Type                               ;
+------------------------+-------------------+------------------------------------+
; AUTO_CARRY_CHAINS      ; ON                ; AUTO_CARRY                         ;
; IGNORE_CARRY_BUFFERS   ; OFF               ; IGNORE_CARRY                       ;
; AUTO_CASCADE_CHAINS    ; ON                ; AUTO_CASCADE                       ;
; IGNORE_CASCADE_BUFFERS ; OFF               ; IGNORE_CASCADE                     ;
; LPM_WIDTH              ; 8                 ; Untyped                            ;
; LPM_DIRECTION          ; UP                ; Untyped                            ;
; LPM_MODULUS            ; 0                 ; Untyped                            ;
; LPM_AVALUE             ; UNUSED            ; Untyped                            ;
; LPM_SVALUE             ; UNUSED            ; Untyped                            ;
; LPM_PORT_UPDOWN        ; PORT_CONNECTIVITY ; Untyped                            ;
; DEVICE_FAMILY          ; MAX7000S          ; Untyped                            ;
; CARRY_CHAIN            ; MANUAL            ; Untyped                            ;
; CARRY_CHAIN_LENGTH     ; 48                ; CARRY_CHAIN_LENGTH                 ;
; NOT_GATE_PUSH_BACK     ; ON                ; NOT_GATE_PUSH_BACK                 ;
; CARRY_CNT_EN           ; SMART             ; Untyped                            ;
; LABWIDE_SCLR           ; ON                ; Untyped                            ;
; USE_NEW_VERSION        ; TRUE              ; Untyped                            ;
; CBXI_PARAMETER         ; NOTHING           ; Untyped                            ;
+------------------------+-------------------+------------------------------------+
Note: In order to hide this table in the UI and the text report file, please set the "Show Parameter Settings in Synthesis Report" option in "Analysis and Synthesis Settings -> More Settings" to "Off".


+---------------------------------------------------------------------------------+
; Parameter Settings for Inferred Entity Instance: lpm_counter:scan_pointer_rtl_1 ;
+------------------------+-------------------+------------------------------------+
; Parameter Name         ; Value             ; Type                               ;
+------------------------+-------------------+------------------------------------+
; AUTO_CARRY_CHAINS      ; ON                ; AUTO_CARRY                         ;
; IGNORE_CARRY_BUFFERS   ; OFF               ; IGNORE_CARRY                       ;
; AUTO_CASCADE_CHAINS    ; ON                ; AUTO_CASCADE                       ;
; IGNORE_CASCADE_BUFFERS ; OFF               ; IGNORE_CASCADE                     ;
; LPM_WIDTH              ; 8                 ; Untyped                            ;
; LPM_DIRECTION          ; UP                ; Untyped                            ;
; LPM_MODULUS            ; 0                 ; Untyped                            ;
; LPM_AVALUE             ; UNUSED            ; Untyped                            ;
; LPM_SVALUE             ; UNUSED            ; Untyped                            ;
; LPM_PORT_UPDOWN        ; PORT_CONNECTIVITY ; Untyped                            ;
; DEVICE_FAMILY          ; MAX7000S          ; Untyped                            ;
; CARRY_CHAIN            ; MANUAL            ; Untyped                            ;
; CARRY_CHAIN_LENGTH     ; 48                ; CARRY_CHAIN_LENGTH                 ;
; NOT_GATE_PUSH_BACK     ; ON                ; NOT_GATE_PUSH_BACK                 ;
; CARRY_CNT_EN           ; SMART             ; Untyped                            ;
; LABWIDE_SCLR           ; ON                ; Untyped                            ;
; USE_NEW_VERSION        ; TRUE              ; Untyped                            ;
; CBXI_PARAMETER         ; NOTHING           ; Untyped                            ;
+------------------------+-------------------+------------------------------------+
Note: In order to hide this table in the UI and the text report file, please set the "Show Parameter Settings in Synthesis Report" option in "Analysis and Synthesis Settings -> More Settings" to "Off".


+-----------------------------------------------------------------------+
; Parameter Settings for Inferred Entity Instance: lpm_counter:vc_rtl_0 ;
+------------------------+-------------------+--------------------------+
; Parameter Name         ; Value             ; Type                     ;
+------------------------+-------------------+--------------------------+
; AUTO_CARRY_CHAINS      ; ON                ; AUTO_CARRY               ;
; IGNORE_CARRY_BUFFERS   ; OFF               ; IGNORE_CARRY             ;
; AUTO_CASCADE_CHAINS    ; ON                ; AUTO_CASCADE             ;
; IGNORE_CASCADE_BUFFERS ; OFF               ; IGNORE_CASCADE           ;
; LPM_WIDTH              ; 9                 ; Untyped                  ;
; LPM_DIRECTION          ; UP                ; Untyped                  ;
; LPM_MODULUS            ; 0                 ; Untyped                  ;
; LPM_AVALUE             ; UNUSED            ; Untyped                  ;
; LPM_SVALUE             ; UNUSED            ; Untyped                  ;
; LPM_PORT_UPDOWN        ; PORT_CONNECTIVITY ; Untyped                  ;
; DEVICE_FAMILY          ; MAX7000S          ; Untyped                  ;
; CARRY_CHAIN            ; MANUAL            ; Untyped                  ;
; CARRY_CHAIN_LENGTH     ; 48                ; CARRY_CHAIN_LENGTH       ;
; NOT_GATE_PUSH_BACK     ; ON                ; NOT_GATE_PUSH_BACK       ;
; CARRY_CNT_EN           ; SMART             ; Untyped                  ;
; LABWIDE_SCLR           ; ON                ; Untyped                  ;
; USE_NEW_VERSION        ; TRUE              ; Untyped                  ;
; CBXI_PARAMETER         ; NOTHING           ; Untyped                  ;
+------------------------+-------------------+--------------------------+
Note: In order to hide this table in the UI and the text report file, please set the "Show Parameter Settings in Synthesis Report" option in "Analysis and Synthesis Settings -> More Settings" to "Off".


+-------------------------------------------------------------------+
; Parameter Settings for Inferred Entity Instance: lpm_add_sub:Add0 ;
+------------------------+-------------+----------------------------+
; Parameter Name         ; Value       ; Type                       ;
+------------------------+-------------+----------------------------+
; LPM_WIDTH              ; 16          ; Untyped                    ;
; LPM_REPRESENTATION     ; UNSIGNED    ; Untyped                    ;
; LPM_DIRECTION          ; ADD         ; Untyped                    ;
; ONE_INPUT_IS_CONSTANT  ; YES         ; Untyped                    ;
; LPM_PIPELINE           ; 0           ; Untyped                    ;
; MAXIMIZE_SPEED         ; 5           ; Untyped                    ;
; REGISTERED_AT_END      ; 0           ; Untyped                    ;
; OPTIMIZE_FOR_SPEED     ; 5           ; Untyped                    ;
; USE_CS_BUFFERS         ; 1           ; Untyped                    ;
; CARRY_CHAIN            ; MANUAL      ; Untyped                    ;
; CARRY_CHAIN_LENGTH     ; 48          ; CARRY_CHAIN_LENGTH         ;
; DEVICE_FAMILY          ; MAX7000S    ; Untyped                    ;
; USE_WYS                ; OFF         ; Untyped                    ;
; STYLE                  ; FAST        ; Untyped                    ;
; CBXI_PARAMETER         ; add_sub_aph ; Untyped                    ;
; AUTO_CARRY_CHAINS      ; ON          ; AUTO_CARRY                 ;
; IGNORE_CARRY_BUFFERS   ; OFF         ; IGNORE_CARRY               ;
; AUTO_CASCADE_CHAINS    ; ON          ; AUTO_CASCADE               ;
; IGNORE_CASCADE_BUFFERS ; OFF         ; IGNORE_CASCADE             ;
+------------------------+-------------+----------------------------+
Note: In order to hide this table in the UI and the text report file, please set the "Show Parameter Settings in Synthesis Report" option in "Analysis and Synthesis Settings -> More Settings" to "Off".


+-------------------------------------------------------------------+
; Parameter Settings for Inferred Entity Instance: lpm_add_sub:Add3 ;
+------------------------+-------------+----------------------------+
; Parameter Name         ; Value       ; Type                       ;
+------------------------+-------------+----------------------------+
; LPM_WIDTH              ; 9           ; Untyped                    ;
; LPM_REPRESENTATION     ; UNSIGNED    ; Untyped                    ;
; LPM_DIRECTION          ; ADD         ; Untyped                    ;
; ONE_INPUT_IS_CONSTANT  ; YES         ; Untyped                    ;
; LPM_PIPELINE           ; 0           ; Untyped                    ;
; MAXIMIZE_SPEED         ; 5           ; Untyped                    ;
; REGISTERED_AT_END      ; 0           ; Untyped                    ;
; OPTIMIZE_FOR_SPEED     ; 5           ; Untyped                    ;
; USE_CS_BUFFERS         ; 1           ; Untyped                    ;
; CARRY_CHAIN            ; MANUAL      ; Untyped                    ;
; CARRY_CHAIN_LENGTH     ; 48          ; CARRY_CHAIN_LENGTH         ;
; DEVICE_FAMILY          ; MAX7000S    ; Untyped                    ;
; USE_WYS                ; OFF         ; Untyped                    ;
; STYLE                  ; FAST        ; Untyped                    ;
; CBXI_PARAMETER         ; add_sub_snh ; Untyped                    ;
; AUTO_CARRY_CHAINS      ; ON          ; AUTO_CARRY                 ;
; IGNORE_CARRY_BUFFERS   ; OFF         ; IGNORE_CARRY               ;
; AUTO_CASCADE_CHAINS    ; ON          ; AUTO_CASCADE               ;
; IGNORE_CASCADE_BUFFERS ; OFF         ; IGNORE_CASCADE             ;
+------------------------+-------------+----------------------------+
Note: In order to hide this table in the UI and the text report file, please set the "Show Parameter Settings in Synthesis Report" option in "Analysis and Synthesis Settings -> More Settings" to "Off".


+--------------------------------+
; Analysis & Synthesis Equations ;
+--------------------------------+
The equations can be found in C:/sbc/sbc_mk3/hdl/video/output_files/video.map.eqn.


+-------------------------------+
; Analysis & Synthesis Messages ;
+-------------------------------+
Info: *******************************************************************
Info: Running Quartus II 64-Bit Analysis & Synthesis
    Info: Version 13.0.1 Build 232 06/12/2013 Service Pack 1 SJ Web Edition
    Info: Processing started: Mon Feb 17 17:48:55 2020
Info: Command: quartus_map --read_settings_files=on --write_settings_files=off video -c video
Warning (20028): Parallel compilation is not licensed and has been disabled
Info (12021): Found 1 design units, including 1 entities, in source file top.v
    Info (12023): Found entity 1: top
Info (12127): Elaborating entity "top" for the top level hierarchy
Warning (10036): Verilog HDL or VHDL warning at top.v(37): object "dac_latch" assigned a value but never read
Warning (10036): Verilog HDL or VHDL warning at top.v(54): object "reg_ctrl" assigned a value but never read
Warning (10230): Verilog HDL assignment warning at top.v(42): truncated value with size 32 to match size of target (1)
Warning (10230): Verilog HDL assignment warning at top.v(43): truncated value with size 32 to match size of target (1)
Warning (10230): Verilog HDL assignment warning at top.v(48): truncated value with size 32 to match size of target (1)
Warning (10230): Verilog HDL assignment warning at top.v(79): truncated value with size 32 to match size of target (16)
Warning (10034): Output port "hwait_n" at top.v(11) has no driver
Warning (10034): Output port "hint_n" at top.v(12) has no driver
Warning (10034): Output port "debug" at top.v(31) has no driver
Info (19000): Inferred 3 megafunctions from design logic
    Info (19001): Inferred lpm_counter megafunction (LPM_WIDTH=8) from the following logic: "scan_pointer_rtl_0"
    Info (19001): Inferred lpm_counter megafunction (LPM_WIDTH=8) from the following logic: "scan_pointer_rtl_1"
    Info (19001): Inferred lpm_counter megafunction (LPM_WIDTH=9) from the following logic: "vc_rtl_0"
Info (278001): Inferred 2 megafunctions from design logic
    Info (278002): Inferred adder/subtractor megafunction ("lpm_add_sub") from the following logic: "Add0"
    Info (278002): Inferred adder/subtractor megafunction ("lpm_add_sub") from the following logic: "Add3"
Info (12130): Elaborated megafunction instantiation "lpm_counter:scan_pointer_rtl_0"
Info (12133): Instantiated megafunction "lpm_counter:scan_pointer_rtl_0" with the following parameter:
    Info (12134): Parameter "LPM_WIDTH" = "8"
    Info (12134): Parameter "LPM_DIRECTION" = "UP"
    Info (12134): Parameter "LPM_TYPE" = "LPM_COUNTER"
Info (12130): Elaborated megafunction instantiation "lpm_counter:scan_pointer_rtl_1"
Info (12133): Instantiated megafunction "lpm_counter:scan_pointer_rtl_1" with the following parameter:
    Info (12134): Parameter "LPM_WIDTH" = "8"
    Info (12134): Parameter "LPM_DIRECTION" = "UP"
    Info (12134): Parameter "LPM_TYPE" = "LPM_COUNTER"
Info (12130): Elaborated megafunction instantiation "lpm_counter:vc_rtl_0"
Info (12133): Instantiated megafunction "lpm_counter:vc_rtl_0" with the following parameter:
    Info (12134): Parameter "LPM_WIDTH" = "9"
    Info (12134): Parameter "LPM_DIRECTION" = "UP"
    Info (12134): Parameter "LPM_TYPE" = "LPM_COUNTER"
Info (12130): Elaborated megafunction instantiation "lpm_add_sub:Add0"
Info (12133): Instantiated megafunction "lpm_add_sub:Add0" with the following parameter:
    Info (12134): Parameter "LPM_WIDTH" = "16"
    Info (12134): Parameter "LPM_DIRECTION" = "ADD"
    Info (12134): Parameter "LPM_REPRESENTATION" = "UNSIGNED"
    Info (12134): Parameter "ONE_INPUT_IS_CONSTANT" = "YES"
Info (12131): Elaborated megafunction instantiation "lpm_add_sub:Add0|addcore:adder[1]", which is child of megafunction instantiation "lpm_add_sub:Add0"
Info (12131): Elaborated megafunction instantiation "lpm_add_sub:Add0|addcore:adder[1]|a_csnbuffer:oflow_node", which is child of megafunction instantiation "lpm_add_sub:Add0"
Info (12131): Elaborated megafunction instantiation "lpm_add_sub:Add0|addcore:adder[1]|a_csnbuffer:result_node", which is child of megafunction instantiation "lpm_add_sub:Add0"
Info (12131): Elaborated megafunction instantiation "lpm_add_sub:Add0|look_add:look_ahead_unit", which is child of megafunction instantiation "lpm_add_sub:Add0"
Info (12131): Elaborated megafunction instantiation "lpm_add_sub:Add0|altshift:result_ext_latency_ffs", which is child of megafunction instantiation "lpm_add_sub:Add0"
Info (12131): Elaborated megafunction instantiation "lpm_add_sub:Add0|altshift:carry_ext_latency_ffs", which is child of megafunction instantiation "lpm_add_sub:Add0"
Info (12130): Elaborated megafunction instantiation "lpm_add_sub:Add3"
Info (12133): Instantiated megafunction "lpm_add_sub:Add3" with the following parameter:
    Info (12134): Parameter "LPM_WIDTH" = "9"
    Info (12134): Parameter "LPM_DIRECTION" = "ADD"
    Info (12134): Parameter "LPM_REPRESENTATION" = "UNSIGNED"
    Info (12134): Parameter "ONE_INPUT_IS_CONSTANT" = "YES"
Info (12131): Elaborated megafunction instantiation "lpm_add_sub:Add3|addcore:adder[1]", which is child of megafunction instantiation "lpm_add_sub:Add3"
Info (12131): Elaborated megafunction instantiation "lpm_add_sub:Add3|altshift:result_ext_latency_ffs", which is child of megafunction instantiation "lpm_add_sub:Add3"
Info (13014): Ignored 24 buffer(s)
    Info (13019): Ignored 24 SOFT buffer(s)
Warning (13039): The following bidir pins have no drivers
    Warning (13040): Bidir "hd[0]" has no driver
    Warning (13040): Bidir "hd[1]" has no driver
    Warning (13040): Bidir "hd[2]" has no driver
    Warning (13040): Bidir "hd[3]" has no driver
    Warning (13040): Bidir "hd[4]" has no driver
    Warning (13040): Bidir "hd[5]" has no driver
    Warning (13040): Bidir "hd[6]" has no driver
    Warning (13040): Bidir "hd[7]" has no driver
Warning (13024): Output pins are stuck at VCC or GND
    Warning (13410): Pin "hwait_n" is stuck at GND
    Warning (13410): Pin "hint_n" is stuck at GND
    Warning (13410): Pin "vwe_n" is stuck at VCC
    Warning (13410): Pin "vce_n" is stuck at GND
    Warning (13410): Pin "debug" is stuck at GND
Info (280013): Promoted pin-driven signal(s) to global signal
    Info (280014): Promoted clock signal driven by pin "clock" to global clock signal
    Info (280014): Promoted clock signal driven by pin "hwr_n" to global clock signal
    Info (280015): Promoted clear signal driven by pin "reset_n" to global clear signal
Warning (21074): Design contains 1 input pin(s) that do not drive logic
    Warning (15610): No output dependent on input pin "hrd_n"
Info (21057): Implemented 143 device resources after synthesis - the final resource count might be different
    Info (21058): Implemented 7 input pins
    Info (21059): Implemented 30 output pins
    Info (21060): Implemented 16 bidirectional pins
    Info (21063): Implemented 90 macrocells
Info: Quartus II 64-Bit Analysis & Synthesis was successful. 0 errors, 27 warnings
    Info: Peak virtual memory: 417 megabytes
    Info: Processing ended: Mon Feb 17 17:49:01 2020
    Info: Elapsed time: 00:00:06
    Info: Total CPU time (on all processors): 00:00:05


